     9.1028     0.0800     3.2535
     9.1028     0.0800     3.5284
     9.1028     0.0800     3.8265
     9.1028     0.0800     4.1499
     9.1028     0.0800     4.5005
     9.1028     0.0800     4.8808
     9.1028     0.0800     5.2932
     9.1028     0.0900     3.0000
     9.1028     0.0900     3.2535
     9.1028     0.0900     3.5284
     9.1028     0.0900     3.8265
     9.1028     0.0900     4.1499
     9.1028     0.0900     4.5005
     9.1028     0.0900     4.8808
     9.1028     0.0900     5.2932
     9.1028     0.0900     5.7405
     9.1028     0.1000     3.0000
     9.1028     0.1000     3.2535
     9.1028     0.1000     3.5284
     9.1028     0.1000     3.8265
     9.1028     0.1000     4.1499
     9.1028     0.1000     4.5005
     9.1028     0.1000     4.8808
     9.1028     0.1000     5.2932
     9.1028     0.1000     5.7405
     9.1028     0.1100     3.0000
     9.1028     0.1100     3.2535
     9.1028     0.1100     3.5284
     9.1028     0.1100     3.8265
     9.1028     0.1100     4.1499
     9.1028     0.1100     4.5005
     9.1028     0.1100     4.8808
     9.1028     0.1100     5.2932
     9.1028     0.1100     5.7405
     9.1028     0.1200     3.0000
     9.1028     0.1200     3.2535
     9.1028     0.1200     3.5284
     9.1028     0.1200     3.8265
     9.1028     0.1200     4.1499
     9.1028     0.1200     4.5005
     9.1028     0.1200     4.8808
     9.1028     0.1200     5.2932
     9.1028     0.1200     5.7405
     9.1028     0.1300     3.0000
     9.1028     0.1300     3.2535
     9.1028     0.1300     3.5284
     9.1028     0.1300     3.8265
     9.1028     0.1300     4.1499
     9.1028     0.1300     4.5005
     9.1028     0.1300     4.8808
     9.1028     0.1300     5.2932
     9.1028     0.1300     5.7405
     9.1028     0.1400     3.0000
     9.1028     0.1400     3.2535
     9.1028     0.1400     3.5284
     9.1028     0.1400     3.8265
     9.1028     0.1400     4.1499
     9.1028     0.1400     4.5005
     9.1028     0.1400     4.8808
     9.1028     0.1400     5.2932
     9.1028     0.1400     5.7405
     9.1028     0.1500     3.0000
     9.1028     0.1500     3.2535
     9.1028     0.1500     3.5284
     9.1028     0.1500     3.8265
     9.1028     0.1500     4.1499
     9.1028     0.1500     4.5005
     9.1028     0.1500     4.8808
     9.1028     0.1500     5.2932
     9.1028     0.1500     5.7405
     9.1028     0.1600     3.0000
     9.1028     0.1600     3.2535
     9.1028     0.1600     3.5284
     9.1028     0.1600     3.8265
     9.1028     0.1600     4.1499
     9.1028     0.1600     4.5005
     9.1028     0.1600     4.8808
     9.1028     0.1600     5.2932
     9.1028     0.1600     5.7405
     9.1028     0.1600     6.2256
     9.1028     0.1700     3.0000
     9.1028     0.1700     3.2535
     9.1028     0.1700     3.5284
     9.1028     0.1700     3.8265
     9.1028     0.1700     4.1499
     9.1028     0.1700     4.5005
     9.1028     0.1700     4.8808
     9.1028     0.1700     5.2932
     9.1028     0.1700     5.7405
     9.1028     0.1700     6.2256
     9.1028     0.1800     3.0000
     9.1028     0.1800     3.2535
     9.1028     0.1800     3.5284
     9.1028     0.1800     3.8265
     9.1028     0.1800     4.1499
     9.1028     0.1800     4.5005
     9.1028     0.1800     4.8808
     9.1028     0.1800     5.2932
     9.1028     0.1800     5.7405
     9.1028     0.1800     6.2256
     9.1028     0.1900     3.0000
     9.1028     0.1900     3.2535
     9.1028     0.1900     3.5284
     9.1028     0.1900     3.8265
     9.1028     0.1900     4.1499
     9.1028     0.1900     4.5005
     9.1028     0.1900     4.8808
     9.1028     0.1900     5.2932
     9.1028     0.1900     5.7405
     9.1028     0.1900     6.2256
     9.1028     0.2000     3.0000
     9.1028     0.2000     3.2535
     9.1028     0.2000     3.5284
     9.1028     0.2000     3.8265
     9.1028     0.2000     4.1499
     9.1028     0.2000     4.5005
     9.1028     0.2000     4.8808
     9.1028     0.2000     5.2932
     9.1028     0.2000     5.7405
     9.1028     0.2000     6.2256
     9.1028     0.2100     3.0000
     9.1028     0.2100     3.2535
     9.1028     0.2100     3.5284
     9.1028     0.2100     3.8265
     9.1028     0.2100     4.1499
     9.1028     0.2100     4.5005
     9.1028     0.2100     4.8808
     9.1028     0.2100     5.2932
     9.1028     0.2100     5.7405
     9.1028     0.2100     6.2256
     9.1028     0.2200     3.0000
     9.1028     0.2200     3.2535
     9.1028     0.2200     3.5284
     9.1028     0.2200     3.8265
     9.1028     0.2200     4.1499
     9.1028     0.2200     4.5005
     9.1028     0.2200     4.8808
     9.1028     0.2200     5.2932
     9.1028     0.2200     5.7405
     9.1028     0.2200     6.2256
